2022.07.05 16:05:18 INFO  tracing is disabled for protocol LSP, to enable tracing of incoming and outgoing JSON messages create an empty file at c:\Users\GEMAP\Documents\PlatformIO\Projects\Charger\.metals\lsp.trace.json or C:\Users\GEMAP\AppData\Local\scalameta\metals\cache\lsp.trace.json
2022.07.05 16:05:18 INFO  logging to file C:\Users\GEMAP\Documents\PlatformIO\Projects\Charger\.metals\metals.log
2022.07.05 16:05:18 INFO  Started: Metals version 0.11.6 in workspace 'C:\Users\GEMAP\Documents\PlatformIO\Projects\Charger' for client Visual Studio Code 1.68.1.
2022.07.05 16:05:25 INFO  time: initialize in 6.78s
2022.07.05 16:05:25 WARN  Flyway upgrade recommended: H2 2.1.212 is newer than this version of Flyway and support has not been tested. The latest supported version of H2 is 2.1.210.
2022.07.05 16:05:25 WARN  Build server is not auto-connectable.
2022.07.05 16:05:25 WARN  no build tool detected in workspace 'C:\Users\GEMAP\Documents\PlatformIO\Projects\Charger'. The most common cause for this problem is that the editor was opened in the wrong working directory, for example if you use sbt then the workspace directory should contain build.sbt. 
2022.07.05 16:05:26 WARN  no build target for: C:\Users\GEMAP\Documents\Tencent Files\1507044543\FileRecv\src\src\main\scala\magiRF\modules\DSP\FFT\Butterfly.scala
2022.07.05 16:05:26 WARN  no build target for: C:\Users\GEMAP\Documents\Tencent Files\1507044543\FileRecv\src\src\test\scala\magiRF\packages\Scrambler\ScramblerSimApp.scala
2022.07.05 16:05:33 WARN  no build target for: C:\Users\GEMAP\Documents\Tencent Files\1507044543\FileRecv\src\src\main\scala\magiRF\modules\Modem\Modulator\AxiLite4Modulator.scala
2022.07.05 16:05:38 INFO  no build target found for C:\Users\GEMAP\Documents\Tencent Files\1507044543\FileRecv\src\src\test\scala\magiRF\packages\Scrambler\ScramblerSimApp.scala. Using presentation compiler with project's scala-library version: 3.1.2
2022.07.05 16:05:39 INFO  time: code lens generation in 5.43s
2022.07.05 16:05:39 INFO  time: code lens generation in 5.43s
2022.07.05 16:05:39 INFO  time: code lens generation in 12s
2022.07.05 16:05:39 INFO  time: code lens generation in 12s
2022.07.05 16:07:15 INFO  shutting down Metals
2022.07.05 16:08:16 INFO  tracing is disabled for protocol LSP, to enable tracing of incoming and outgoing JSON messages create an empty file at c:\Users\GEMAP\Documents\PlatformIO\Projects\Charger\.metals\lsp.trace.json or C:\Users\GEMAP\AppData\Local\scalameta\metals\cache\lsp.trace.json
2022.07.05 16:08:16 INFO  logging to file C:\Users\GEMAP\Documents\PlatformIO\Projects\Charger\.metals\metals.log
2022.07.05 16:08:16 INFO  Started: Metals version 0.11.7 in workspace 'C:\Users\GEMAP\Documents\PlatformIO\Projects\Charger' for client Visual Studio Code 1.68.1.
2022.07.05 16:08:17 INFO  time: initialize in 0.36s
2022.07.05 16:08:17 WARN  Flyway upgrade recommended: H2 2.1.214 is newer than this version of Flyway and support has not been tested. The latest supported version of H2 is 2.1.210.
2022.07.05 16:08:17 WARN  Build server is not auto-connectable.
2022.07.05 16:08:17 WARN  no build tool detected in workspace 'C:\Users\GEMAP\Documents\PlatformIO\Projects\Charger'. The most common cause for this problem is that the editor was opened in the wrong working directory, for example if you use sbt then the workspace directory should contain build.sbt. 
2022.07.05 16:08:18 WARN  no build target for: C:\Users\GEMAP\Documents\Tencent Files\1507044543\FileRecv\src\src\main\scala\magiRF\modules\Modem\Modulator\ModulatorRTL.scala
2022.07.05 16:20:18 INFO  tracing is disabled for protocol LSP, to enable tracing of incoming and outgoing JSON messages create an empty file at c:\Users\GEMAP\Documents\PlatformIO\Projects\Charger\.metals\lsp.trace.json or C:\Users\GEMAP\AppData\Local\scalameta\metals\cache\lsp.trace.json
2022.07.05 16:20:18 INFO  logging to file C:\Users\GEMAP\Documents\PlatformIO\Projects\Charger\.metals\metals.log
2022.07.05 16:20:18 INFO  Started: Metals version 0.11.7 in workspace 'C:\Users\GEMAP\Documents\PlatformIO\Projects\Charger' for client Visual Studio Code 1.68.1.
2022.07.05 16:20:19 INFO  time: initialize in 0.37s
2022.07.05 16:20:22 WARN  Flyway upgrade recommended: H2 2.1.214 is newer than this version of Flyway and support has not been tested. The latest supported version of H2 is 2.1.210.
2022.07.05 16:20:22 WARN  Build server is not auto-connectable.
2022.07.05 16:20:22 WARN  no build tool detected in workspace 'C:\Users\GEMAP\Documents\PlatformIO\Projects\Charger'. The most common cause for this problem is that the editor was opened in the wrong working directory, for example if you use sbt then the workspace directory should contain build.sbt. 
2022.07.05 16:20:23 WARN  no build target for: C:\Users\GEMAP\AppData\Local\Temp\BNZ.62c3f43a158b283f\Crc.scala
2022.07.05 16:20:33 INFO  no build target found for C:\Users\GEMAP\AppData\Local\Temp\BNZ.62c3f43a158b283f\Crc.scala. Using presentation compiler with project's scala-library version: 3.1.3
2022.07.05 16:20:34 INFO  time: code lens generation in 11s
2022.07.05 16:20:34 INFO  time: code lens generation in 11s
